<?xml version="1.0" encoding="UTF-8"?>
<testng-results ignored="0" total="1" passed="1" failed="0" skipped="0">
  <reporter-output>
  </reporter-output>
  <suite started-at="2025-07-02T00:31:26 IST" name="Default suite" finished-at="2025-07-02T00:31:49 IST" duration-ms="23682">
    <groups>
    </groups>
    <test started-at="2025-07-02T00:31:26 IST" name="Default test" finished-at="2025-07-02T00:31:49 IST" duration-ms="23682">
      <class name="Tests.LoginTest">
        <test-method is-config="true" signature="setUp()[pri:0, instance:Tests.LoginTest@3754a4bf]" started-at="2025-07-02T00:31:26 IST" name="setUp" finished-at="2025-07-02T00:31:36 IST" duration-ms="10082" status="PASS">
          <reporter-output>
          </reporter-output>
        </test-method> <!-- setUp -->
        <test-method signature="testmain()[pri:0, instance:Tests.LoginTest@3754a4bf]" started-at="2025-07-02T00:31:36 IST" name="testmain" finished-at="2025-07-02T00:31:47 IST" duration-ms="11153" status="PASS">
          <reporter-output>
          </reporter-output>
        </test-method> <!-- testmain -->
        <test-method is-config="true" signature="tearDown()[pri:0, instance:Tests.LoginTest@3754a4bf]" started-at="2025-07-02T00:31:47 IST" name="tearDown" finished-at="2025-07-02T00:31:49 IST" duration-ms="2383" status="PASS">
          <reporter-output>
          </reporter-output>
        </test-method> <!-- tearDown -->
      </class> <!-- Tests.LoginTest -->
    </test> <!-- Default test -->
  </suite> <!-- Default suite -->
</testng-results>
